2452 3466 3849 4172 5820 7887 9821 
1817 1841 2251 3643 4063 4702 5405 5547 5565 5702 6213 8863 9274 
1792 5653 6608 6652 8216 9485 
85 1690 3247 3315 3375 3553 3720 5350 6472 7498 8617 8948 
823 1721 4495 6124 6384 8756 8759 9757 9992 
2273 2549 4268 4599 4732 5003 6422 6487 6729 8450 8627 
1205 2251 2346 4086 4509 5428 6074 7226 8007 9980 
179 553 694 845 1383 1680 1901 5117 5298 6107 6808 7679 9803 
211 869 2208 2335 3590 4234 4895 5517 7604 9479 9715 
851 867 2150 2345 3236 3783 4728 5110 5246 5644 6818 8473 8714 9076 9520 9561 9994 
1098 3125 3435 4504 4682 4877 6927 7915 9113 9927 9966 
300 439 1960 2426 3341 4274 4592 5409 6103 6137 7008 7021 7759 8803 9019 
761 1633 3429 6160 7896 8275 8493 8802 9052 9136 
152 1154 1225 1564 1893 2484 4742 5441 5939 5990 6581 6923 7097 7756 7818 
553 735 1367 2670 2851 3286 4137 4321 5454 5458 6590 7032 8031 
329 360 552 802 1356 1558 1989 2461 5447 5970 6190 7186 8703 9509 
143 872 954 1726 2346 4424 4435 6824 9140 9551 9736 9877 
8 753 1677 1771 2682 3600 4933 4978 5364 6332 6537 7322 7667 7970 8928 
279 576 791 1774 1889 2262 3672 4537 4933 4942 5835 6330 6704 6948 8042 9964 
27 891 984 1581 1951 2324 2982 3002 3466 4955 4972 5312 6700 6816 6909 8029 
