852 1359 7225 8528 9522 
424 1241 2631 2652 3342 3989 4011 5071 5803 6343 6494 6896 7013 7659 8463 9629 9644 
449 475 791 1264 1675 2145 3568 6580 7181 7334 8429 8617 9713 9732 9815 
1632 3384 4136 4576 4739 4759 4993 5191 5838 5890 6708 6805 7899 8288 8778 9485 9664 
1176 1662 2961 4152 6311 8026 8868 8973 9645 
41 1127 1439 2063 2815 3691 3871 4365 5227 5666 6185 7817 
2029 2366 2779 3501 3526 3766 4544 7255 7627 7638 8678 9112 
51 124 1341 1519 2925 3434 3643 4034 5949 6674 6850 7597 9586 
189 982 1843 3055 4987 5744 6180 6363 7144 8935 9559 
74 454 1007 1024 4017 5610 5627 6187 6824 6980 7171 8159 9556 9711 
775 1347 1418 1705 2103 2171 3505 3599 4896 5069 6491 7301 8133 8345 9173 
16 212 472 2656 2913 3352 4270 5699 9429 
52 465 1028 1254 2212 3674 5737 7849 7872 8908 9352 
873 1129 1910 2263 2513 4887 5243 5637 6080 6269 6370 7213 7767 8506 8787 
513 542 1305 1807 2065 2376 4068 4598 5040 5588 7579 7896 8321 
565 957 4667 5379 6796 8846 
331 916 1278 1665 1827 2398 3463 3691 4070 5517 8042 8284 8487 
89 421 1624 2241 2364 2511 5547 6672 7015 8015 9619 
440 922 2179 2373 5017 5268 6679 6821 9591 
174 1434 1443 4701 4844 5022 7202 8421 8686 9817 
