42 21 100 77 
27 1 100 96 63 71 98 49 94 100 12 24 47 77 39 63 32 82 57 80 81 64 27 4 41 33 40 1 97 60 56 52 13 31 76 
13 87 37 57 31 12 27 10 50 38 31 82 14 80 32 14 
33 52 32 99 85 88 14 94 51 25 77 22 85 72 61 25 14 100 21 4 87 6 
42 47 7 65 50 79 45 98 59 81 22 48 79 48 64 21 47 84 67 16 58 38 77 84 82 100 28 2 60 24 8 3 51 18 81 53 40 60 
12 26 1 81 89 46 65 2 5 85 74 29 65 87 51 18 34 76 26 13 38 12 68 96 33 28 26 85 4 96 44 36 45 91 47 92 28 10 97 
65 80 
20 3 100 82 53 62 49 84 73 11 100 17 16 20 99 19 52 35 7 26 89 84 7 8 87 37 27 72 100 84 68 85 65 44 82 90 30 33 18 64 36 9 
94 79 33 32 83 35 46 82 40 
81 49 56 79 76 73 23 70 89 37 46 36 73 80 9 29 12 84 35 93 39 52 65 22 25 34 69 14 55 3 67 14 66 97 54 96 69 8 19 8 76 45 81 79 5 82 8 52 
48 71 64 84 88 69 48 9 16 17 43 79 82 52 20 19 60 56 49 38 99 84 2 20 46 9 72 93 26 96 
76 30 72 58 32 76 90 67 88 49 63 43 56 20 71 90 93 18 66 35 7 
51 51 51 51 51 51 51 51 51 51 51 51 51 51 51 51 51 51 51 51 51 51 51 51 51 51 51 51 51 51 51 51 51 51 45 
55 73 2 97 37 34 71 72 53 83 59 10 11 93 
83 76 100 73 47 83 5 86 25 78 60 86 26 49 23 86 
16 11 17 14 11 17 12 19 15 12 19 16 18 18 14 11 32 35 31 32 33 31 35 32 32 33 37 16 11 17 14 11 17 12 19 15 12 19 16 18 18 14 11 16 11 17 14 11 17 12 19 15 12 19 16 18 18 14 11 32 35 31 32 33 31 35 32 32 33 37 
56 92 76 33 14 76 56 43 15 35 3 94 29 44 95 33 6 31 16 21 8 52 50 88 25 75 80 87 4 45 32 58 16 83 76 37 80 74 48 61 51 
2 93 67 74 47 75 10 46 25 75 19 85 25 42 100 17 25 18 16 14 55 91 40 89 
10 83 69 100 18 63 75 75 75 50 86 53 62 8 34 9 77 57 92 68 55 5 
14 81 41 32 61 39 6 99 16 68 73 36 68 35 59 93 71 5 29 34 71 47 13 71 26 19 61 98 2 84 94 85 65 43 47 
