150
197
145
85
225
222
84
224
188
174
227
82
168
145
198
187
188
209
195
178
200
150
100
217
186
193
222
210
238
100
235
150
183
223
184
214
187
223
171
170
238
192
187
186
200
238
83
172
168
143
150
164
208
222
175
214
194
81
200
134
163
221
232
211
132
161
167
84
181
221
235
197
217
183
150
178
212
176
212
234
127
219
222
192
119
229
200
132
230
200
166
180
170
192
171
226
216
233
199
225
207
100
214
214
144
216
216
81
100
144
217
100
217
120
220
172
150
160
192
213
150
219
174
199
203
173
209
212
163
100
84
227
212
226
100
160
150
203
229
192
211
118
218
223
237
100
186
242
177
100
190
236
243
233
192
194
215
215
197
215
134
122
172
118
224
222
184
198
241
145
176
196
150
184
217
179
205
134
100
172
196
169
200
197
197
115
208
221
216
244
213
178
204
242
132
235
132
123
220
119
229
145
139
167
187
206
88
150
225
198
145
200
229
207
222
214
200
241
81
100
230
179
200
225
150
192
145
120
211
142
205
174
219
164
150
188
236
120
234
150
233
237
122
222
208
118
230
167
150
160
138
164
100
218
172
234
220
214
200
183
100
154
80
232
150
136
183
214
86
185
200
150
192
100
211
194
211
161
240
195
242
235
116
209
190
82
200
200
217
230
200
193
80
238
236
198
234
121
123
167
245
187
200
183
179
233
129
131
211
228
144
150
220
223
160
234
120
234
232
80
160
170
183
100
191
188
171
217
213
200
135
219
218
208
119
191
145
234
215
209
162
220
194
215
186
239
186
207
159
243
85
237
158
143
200
236
234
210
197
224
168
200
221
211
188
232
233
159
181
235
194
190
144
137
240
236
218
222
143
215
166
235
119
100
222
144
235
119
197
138
229
238
179
219
235
127
177
156
161
150
120
188
223
177
237
200
187
237
193
188
195
242
226
142
165
86
209
150
209
219
236
230
142
236
210
120
189
239
150
150
188
237
219
122
138
167
230
215
191
137
100
199
235
177
242
228
197
139
118
186
147
192
200
231
174
200
150
223
225
197
142
230
216
121
233
128
222
231
136
194
231
121
236
166
100
136
229
224
235
150
236
210
231
158
222
237
193
82
222
238
235
100
177
150
176
168
145
213
176
222
205
175
82
200
100
214
150
228
100
172
192
175
207
200
150
195
141
150
150
196
197
194
219
177
217
234
150
150
150
218
194
200
194
129
100
203
188
200
223
150
235
209
234
196
173
116
190
126
169
197
192
200
150
150
215
150
168
180
224
215
209
209
176
142
163
216
100
223
83
190
177
221
100
115
226
239
186
210
132
150
229
170
150
210
180
181
205
190
217
200
100
198
170
227
156
236
83
100
224
211
221
180
217
141
240
190
80
193
217
190
191
100
160
192
113
199
230
100
146
100
209
207
188
235
200
163
84
238
228
174
214
233
187
171
172
114
193
144
232
200
239
133
139
175
86
182
192
243
200
150
219
126
150
176
100
150
119
134
208
200
133
241
231
150
202
200
228
193
177
215
236
150
232
200
183
174
190
217
191
210
218
236
175
165
231
121
200
223
142
197
189
144
239
90
144
210
232
236
194
227
221
198
209
183
140
183
135
227
132
179
213
228
180
219
143
185
209
205
150
232
144
230
120
219
169
226
221
150
221
226
180
237
207
185
224
193
197
122
231
205
238
178
200
195
83
155
84
214
234
199
191
182
130
220
80
193
205
190
199
130
184
206
210
221
240
157
185
131
242
232
227
134
200
206
178
238
179
229
150
194
239
150
163
134
200
143
182
180
230
141
231
83
184
209
100
191
199
177
100
242
238
195
206
115
189
229
229
233
192
100
120
185
192
218
233
214
150
146
204
234
141
212
193
225
205
214
237
185
150
191
175
143
120
150
188
237
125
143
138
184
236
222
224
100
100
158
150
197
230
209
226
219
198
186
200
100
179
188
230
133
100
237
195
87
239
240
134
145
200
139
200
216
200
205
239
100
89
205
100
220
157
227
85
143
239
231
186
165
162
224
240
185
203
223
165
232
150
221
229
212
211
227
200
80
197
235
100
162
238
196
198
234
166
130
167
233
119
234
204
200
146
231
235
205
144
191
236
133
133
222
136
147
241
177
195
84
82
90
135
205
238
140
185
224
145
182
87
219
136
116
76
242
165
235
241
230
170
225
133
228
86
150
215
177
124
191
181
200
238
214
208
237
213
238
239
143
225
195
170
237
166
238
150
240
235
131
141
227
235
86
214
178
226
238
162
80
237
207
225
83
192
213
222
207
138
77
222
224
225
229
163
178
233
228
240
241
240
211
100
160
207
150
136
193
223
215
189
178
214
212
133
80
188
184
231
225
208
234
121
135
243
216
231
221
238
159
167
184
169
150
100
226
172
200
195
224
227
170
118
231
189
145
213
90
224
220
122
211
240
135
150
239
188
241
160
161
100
150
179
146
84
150
85
227
100
214
232
210
171
118
221
185
234
173
196
207
139
130
178
227
229
180
217
230
169
100
227
231
221
235
78
147
232
100
224
167
133
210
143
192
231
208
194
193
185
228
161
169
240
210
195
190
121
190
100
164
234
150
226
192
217
203
194
136
182
188
206
222
194
84
130
218
181
195
78
199
230
217
224
135
168
145
229
220
183
122
194
116
239
233
197
189
229
86
173
100
187
206
139
217
133
207
235
162
189
231
194
203
83
212
179
207
135
192
217
82
197
145
188
212
150
174
214
179
163
194
202
230
234
233
160
233
196
150
200
194
162
122
177
213
226
100
159
200
189
238
180
182
184
181
226
234
144
167
211
241
237
235
179
162
133
237
211
121
161
179
214
198
84
218
229
191
130
227
223
164
235
237
172
233
150
239
239
219
227
219
118
150
100
167
150
226
156
231
213
118
215
161
190
200
227
187
220
170
223
189
157
193
236
100
219
232
205
87
172
197
194
200
220
206
150
200
162
136
200
170
210
143
226
212
118
206
233
223
158
176
170
214
177
134
175
116
225
175
223
200
229
150
200
137
172
161
161
159
226
228
237
240
197
235
184
84
165
121
231
239
200
169
222
213
167
211
211
162
199
231
144
227
238
238
100
150
143
87
239
198
100
199
222
239
191
130
174
150
180
150
200
143
238
170
237
232
200
202
228
134
196
121
121
218
243
172
193
178
233
231
133
200
219
100
228
173
221
195
193
210
129
232
72
100
233
225
198
182
182
213
236
219
161
220
186
235
118
143
81
228
198
173
210
214
197
216
83
210
221
198
166
220
233
207
241
234
225
122
207
135
161
198
127
191
220
207
197
169
215
233
165
215
115
236
185
229
150
178
230
228
192
229
165
210
180
183
135
150
222
213
227
200
135
231
211
217
226
197
84
209
150
178
83
188
225
180
117
195
205
228
206
236
150
163
186
150
142
175
215
221
135
223
145
185
208
212
150
200
224
189
203
240
158
184
229
231
192
150
210
208
146
227
242
133
178
140
211
225
234
230
192
122
216
142
199
158
150
192
116
198
242
240
191
81
205
150
212
213
226
221
130
244
228
182
133
243
197
150
200
240
135
213
213
235
200
207
116
150
210
234
135
133
232
86
193
117
194
161
242
231
235
100
188
200
144
236
137
167
200
194
217
219
195
100
87
195
238
171
238
181
231
194
81
229
184
209
207
234
186
136
100
200
79
227
144
222
239
218
207
222
239
217
134
123
100
209
231
193
231
227
221
221
82
171
219
231
82
219
150
233
191
143
183
127
221
239
214
203
100
100
162
121
223
135
119
232
192
178
213
236
220
212
224
147
183
234
100
231
220
189
226
180
119
185
186
188
178
206
239
192
150
240
181
169
169
133
217
193
197
241
158
120
100
234
168
230
224
214
150
84
200
226
197
100
100
200
215
222
197
230
200
216
175
208
188
100
135
84
176
172
226
212
194
170
207
150
188
131
131
209
213
189
220
200
209
237
224
226
228
177
239
194
232
100
211
136
205
211
228
213
208
184
122
150
139
196
190
86
85
241
189
236
216
146
225
145
211
209
200
232
234
188
150
217
212
228
244
161
178
192
87
215
193
127
174
182
237
219
235
166
170
80
84
180
210
216
157
185
114
189
139
236
200
143
150
163
134
186
211
171
133
204
239
227
186
235
171
136
217
219
174
134
210
81
234
163
165
210
221
216
224
183
222
159
197
141
122
150
233
224
236
227
168
228
100
88
190
100
194
234
210
174
231
196
205
150
197
116
229
227
200
87
218
194
234
200
100
200
231
159
140
82
163
125
184
227
181
235
157
132
167
192
194
119
223
150
82
166
88
192
145
236
237
150
200
150
199
178
240
100
200
191
177
212
140
134
209
243
192
177
195
192
225
119
235
81
145
196
188
119
242
212
224
216
194
230
193
150
172
120
232
198
198
210
234
133
146
194
160
200
200
219
200
197
217
175
233
238
204
171
150
215
135
143
200
229
150
119
100
215
189
181
231
150
187
135
214
133
241
84
121
82
190
140
144
78
84
231
208
200
195
206
200
203
200
221
206
179
162
228
202
120
196
184
130
175
178
232
200
206
132
219
234
145
218
232
174
224
114
214
209
150
227
240
200
242
196
172
231
197
83
200
174
189
239
186
181
224
237
194
186
132
180
225
172
86
100
233
230
192
155
229
223
197
168
189
159
241
128
142
223
216
211
214
192
177
204
234
211
224
235
171
198
176
200
224
150
234
213
84
241
207
117
87
175
198
238
100
157
206
166
206
213
143
192
237
162
171
216
134
137
82
178
82
186
228
209
163
100
211
100
237
180
200
100
184
160
161
225
140
200
156
196
197
100
219
223
100
230
100
161
229
186
199
100
231
230
150
240
241
168
200
168
122
228
182
134
100
192
182
82
224
129
217
232
121
160
204
192
225
194
145
218
223
162
228
241
220
222
230
100
100
136
144
229
191
84
115
200
219
213
228
174
166
172
167
183
145
86
234
217
157
212
221
192
206
240
183
78
198
223
137
225
191
150
195
236
235
191
200
236
100
142
209
191
195
176
189
242
185
172
214
131
88
187
193
226
150
198
238
84
238
202
232
177
240
189
189
240
195
232
211
234
200
236
175
150
190
200
239
216
223
220
194
146
234
140
240
216
145
189
187
197
194
200
193
205
113
117
225
198
221
229
119
168
187
116
171
206
215
173
88
188
237
233
224
210
236
213
200
204
235
144
211
225
237
200
173
120
225
228
130
191
222
224
100
226
195
121
220
100
193
170
150
236
231
166
221
183
200
181
215
128
89
239
215
232
236
175
228
222
171
214
122
223
117
100
216
179
200
150
221
224
100
100
197
136
217
198
220
206
214
131
100
220
145
230
228
238
235
228
231
205
216
100
181
224
212
169
232
82
138
212
199
100
150
188
194
190
84
150
195
212
181
166
157
217
123
173
150
197
239
195
142
237
194
233
196
189
205
193
193
212
212
218
215
100
218
228
176
166
187
225
188
136
175
200
177
150
178
119
117
136
225
178
233
208
187
86
236
225
131
208
231
239
230
236
100
172
81
238
213
142
210
198
195
193
211
207
196
120
100
150
187
177
209
121
242
236
186
200
80
185
163
85
150
85
234
199
239
229
178
204
208
118
187
185
144
199
150
222
196
100
230
210
189
220
200
200
158
140
172
100
233
192
142
209
143
237
126
150
228
193
204
226
222
119
163
186
166
136
233
120
174
233
204
241
242
150
168
240
233
224
200
192
230
220
82
172
81
84
192
150
200
166
209
190
188
195
150
131
193
224
189
124
237
199
134
191
194
81
141
174
216
92
131
241
228
200
87
222
217
186
173
179
135
232
189
213
168
179
235
203
212
150
174
190
180
223
100
172
211
175
159
119
180
150
100
233
236
156
206
171
211
194
210
100
179
221
126
242
210
118
100
150
203
233
205
220
200
221
142
158
210
223
85
168
132
228
234
184
220
135
234
211
219
141
158
187
150
195
150
212
100
197
100
233
231
142
200
217
136
178
133
228
212
234
150
213
188
82
113
144
166
234
175
227
200
150
235
170
143
240
210
195
207
231
83
193
208
158
127
137
172
186
202
228
160
170
196
85
100
150
233
182
219
134
214
196
146
210
180
235
200
172
230
227
210
150
222
217
166
239
232
212
199
200
188
213
150
239
174
205
100
235
159
198
170
175
178
188
206
194
150
214
197
231
222
177
195
157
234
187
166
90
200
226
232
100
234
136
173
182
168
195
224
223
215
167
204
100
177
197
168
236
100
222
195
222
236
222
142
238
145
234
100
123
227
178
237
189
182
238
100
150
100
79
236
186
224
150
221
130
131
194
235
138
131
217
219
121
182
223
238
124
145
178
165
145
234
167
235
80
205
83
137
176
200
234
147
164
227
209
141
160
160
231
188
139
222
229
217
177
150
185
217
200
203
236
200
226
150
187
143
182
232
196
205
213
229
234
214
208
228
190
233
221
238
130
121
219
235
226
209
168
223
159
203
234
150
161
228
142
150
131
222
192
224
226
211
237
167
228
193
230
237
155
230
194
188
186
215
82
200
85
124
184
141
218
123
100
234
197
226
188
150
177
229
174
236
185
191
126
130
100
231
100
118
223
100
221
212
169
170
163
195
242
134
81
132
162
219
210
220
202
217
186
150
233
100
222
182
200
240
224
210
131
194
223
217
142
237
146
159
210
196
159
204
132
209
194
196
158
146
217
160
204
197
170
141
136
198
172
221
231
165
114
118
205
182
80
182
196
228
212
238
190
100
87
219
216
240
100
193
150
233
176
238
215
161
228
150
216
218
200
207
167
161
100
226
229
157
239
150
210
177
239
228
236
189
222
100
214
237
137
142
150
86
158
159
134
195
157
197
145
158
221
212
182
184
119
168
121
241
240
230
206
224
194
162
241
238
141
200
100
193
204
100
119
150
159
132
200
197
212
243
162
222
119
162
233
122
240
192
184
239
177
160
188
88
129
200
120
222
100
169
173
159
244
121
83
240
185
209
211
227
180
150
163
150
200
198
100
78
222
200
218
168
211
222
81
181
142
227
178
200
237
233
100
222
211
221
84
100
150
231
122
184
188
228
178
132
100
163
200
187
212
239
181
84
232
210
184
112
227
132
100
240
89
164
230
235
187
218
233
209
214
231
162
228
165
136
136
120
195
210
200
150
200
130
200
231
182
224
192
150
219
208
100
83
150
213
226
237
82
193
220
83
230
100
181
197
233
230
212
197
123
207
176
81
213
81
150
150
221
232
231
100
200
177
220
240
229
161
150
123
228
81
217
235
133
121
235
204
240
237
223
204
211
238
224
222
243
82
206
178
234
190
145
235
192
179
228
143
238
119
191
234
235
128
186
234
150
216
175
223
213
181
119
143
214
231
216
235
142
230
216
233
195
183
205
237
141
228
228
137
200
100
135
204
162
150
206
170
238
195
135
179
219
82
137
236
134
204
222
232
139
220
137
172
235
150
184
158
234
198
231
200
144
164
190
223
142
224
79
173
100
197
234
197
218
178
235
241
187
162
186
195
195
241
209
191
100
163
239
239
115
228
173
188
215
212
225
173
150
235
170
203
220
144
100
241
161
220
232
200
206
162
194
235
200
175
200
216
221
100
233
226
224
147
115
238
120
165
233
210
204
211
176
100
100
150
150
184
136
100
118
226
100
87
212
163
80
230
224
150
190
225
233
191
184
185
218
217
222
200
150
227
221
173
240
226
200
100
84
225
179
231
193
158
217
210
156
169
200
142
224
224
193
100
150
186
167
220
169
192
226
205
188
197
138
116
236
147
233
77
188
196
225
228
144
178
185
207
198
238
233
83
223
208
223
196
178
118
222
203
239
150
196
143
143
200
163
176
232
170
236
162
235
150
200
85
198
159
200
191
160
234
135
82
223
237
100
224
142
163
191
178
150
182
225
208
227
219
139
174
150
196
235
189
195
183
239
200
117
232
214
146
215
232
141
239
150
189
87
181
222
177
179
122
218
219
163
213
181
134
214
221
202
80
116
144
227
122
175
196
238
198
150
195
237
189
189
169
228
231
178
208
79
142
166
100
100
168
225
240
232
230
238
170
227
205
236
200
183
177
232
226
226
141
144
232
234
169
143
234
238
173
225
162
195
225
231
236
150
207
227
219
220
177
160
228
235
218
150
240
219
167
150
186
100
200
100
215
100
181
191
193
195
188
216
200
168
226
243
215
84
142
241
174
159
231
174
132
169
221
198
87
188
135
150
196
216
119
161
205
168
205
218
184
217
200
123
231
143
100
145
100
193
216
184
118
175
231
189
181
150
226
82
86
174
220
231
200
197
150
194
100
226
208
100
164
174
214
213
189
182
228
100
218
162
200
228
183
171
208
125
231
218
237
119
232
143
216
220
215
186
148
216
197
238
197
85
234
79
203
195
159
227
208
194
180
197
192
124
239
211
232
238
209
241
150
169
179
230
130
185
187
200
168
189
150
118
231
174
226
227
210
234
186
228
222
192
233
233
197
142
124
239
197
159
86
100
200
170
182
194
175
183
143
135
238
235
238
226
232
117
232
218
185
223
100
132
230
141
200
220
197
234
200
160
189
233
81
232
206
200
224
187
225
138
209
184
182
240
100
193
196
236
241
239
92
134
234
225
85
143
100
223
216
237
143
218
233
137
230
224
204
134
229
150
222
222
173
225
182
208
218
129
170
117
169
162
135
189
232
185
200
197
177
146
100
236
212
223
147
100
171
198
205
187
228
135
236
222
195
194
207
214
240
219
231
144
79
240
150
178
206
215
220
150
161
226
212
214
226
100
195
100
150
134
211
200
227
160
182
205
171
216
180
242
213
85
172
187
194
213
224
74
173
184
233
146
150
200
86
186
230
179
195
230
200
150
194
221
177
238
161
192
212
142
221
219
234
238
184
205
161
193
230
215
143
191
188
100
129
233
200
216
229
200
178
215
161
200
212
238
219
228
165
158
119
177
185
100
229
144
187
191
230
144
185
189
229
143
162
84
230
150
233
198
86
192
100
116
229
207
173
237
233
215
162
119
100
185
76
163
174
178
150
222
199
236
166
83
184
225
123
241
150
193
207
86
205
179
144
172
85
100
218
143
165
195
137
214
185
234
200
150
176
235
120
242
176
170
86
85
135
219
133
226
179
179
223
241
200
218
182
216
216
231
227
86
216
228
180
232
225
212
85
203
232
150
193
196
225
213
194
100
225
162
203
180
224
179
168
232
232
227
217
223
228
196
133
150
150
210
150
198
150
213
119
186
242
100
209
236
235
223
177
203
137
216
214
227
80
234
225
100
200
220
182
150
88
229
150
194
197
200
178
200
100
193
227
192
196
163
176
217
193
209
242
166
196
221
238
117
200
83
223
219
215
188
223
227
130
200
184
166
171
121
186
242
230
241
212
136
213
165
192
217
207
213
218
180
223
184
141
129
177
150
192
119
126
232
168
226
228
137
229
209
118
150
241
229
118
193
213
215
159
241
161
224
235
239
200
171
190
165
210
130
150
221
201
221
231
116
230
83
213
191
144
229
188
150
89
197
200
180
231
221
206
126
194
187
150
231
222
82
232
224
136
219
207
175
85
150
240
80
229
206
128
129
169
200
210
187
143
214
223
200
164
150
237
224
235
180
200
226
214
116
200
237
222
165
83
223
237
191
232
239
217
150
240
200
133
83
226
195
159
167
183
237
144
170
231
236
238
172
161
194
200
150
121
222
186
228
230
135
131
190
170
88
166
113
166
160
186
230
120
225
209
235
215
238
80
221
140
205
128
184
218
89
200
182
223
84
197
228
233
171
235
231
240
164
174
213
164
211
172
199
233
199
221
236
239
100
233
207
192
100
197
213
220
229
150
210
187
177
199
200
208
179
176
170
164
118
230
203
118
211
230
87
239
196
150
230
197
236
195
212
231
179
193
200
120
218
219
238
119
200
150
229
87
235
200
100
172
232
121
234
226
129
233
200
100
188
135
169
169
234
138
188
233
150
200
221
176
239
100
150
228
161
176
226
126
215
195
236
237
180
225
228
100
210
117
150
192
136
140
211
145
179
193
218
212
224
199
150
198
200
210
203
225
203
236
133
164
189
227
190
235
190
169
184
211
224
168
180
127
150
87
147
229
234
173
166
222
150
196
236
134
239
206
234
208
147
168
167
132
183
228
200
200
229
219
200
85
230
186
203
100
216
144
229
226
175
121
191
228
229
222
184
200
86
229
239
234
198
187
233
203
77
80
228
232
219
225
231
130
231
100
235
200
100
143
200
170
135
200
161
172
163
226
217
133
121
178
82
197
150
181
188
171
197
158
226
150
164
237
226
221
238
233
192
145
100
211
242
192
177
172
165
150
177
227
158
226
236
216
191
146
144
100
240
198
200
100
223
78
173
170
79
176
121
196
244
237
196
168
133
216
225
170
171
130
200
236
232
224
162
146
88
132
147
211
213
190
193
224
122
224
182
186
210
234
232
150
204
137
150
182
230
197
231
238
220
233
82
141
150
218
198
180
116
124
228
235
84
234
216
235
112
119
218
145
176
120
178
196
180
117
100
171
178
231
131
215
237
236
230
146
231
219
214
163
226
100
136
100
100
244
171
173
215
217
138
224
120
100
173
221
193
207
132
231
200
198
212
189
198
129
200
199
174
230
181
175
190
120
159
150
237
180
200
100
142
100
200
134
189
221
100
134
160
123
118
188
141
196
228
227
179
137
234
81
131
233
233
180
178
235
100
223
188
122
178
229
77
176
150
211
229
179
79
100
196
200
168
175
189
100
192
100
176
239
150
194
236
100
150
212
100
223
169
225
89
100
150
150
235
221
212
196
181
205
176
172
214
174
209
193
187
144
217
171
234
214
211
185
228
200
100
205
190
172
219
191
218
116
232
227
121
226
216
239
200
187
192
198
100
187
183
217
213
208
190
232
220
125
165
218
235
234
134
195
195
236
224
236
192
81
200
190
158
212
227
196
219
239
187
226
213
88
236
200
236
86
237
191
232
170
208
211
100
233
174
227
200
167
164
123
207
213
200
210
100
197
234
216
187
227
221
223
136
200
223
215
138
141
209
166
157
200
225
165
216
169
240
142
219
234
189
235
235
193
182
188
171
231
196
220
219
200
237
181
212
197
200
239
181
175
178
232
185
187
79
236
179
150
196
214
137
187
235
193
158
221
157
238
228
226
238
183
213
100
208
210
227
237
234
185
224
84
206
194
115
215
215
132
194
232
88
139
109
200
185
237
241
181
192
150
222
185
185
134
200
144
230
177
231
193
115
176
179
231
148
143
232
177
156
172
195
242
182
133
225
171
183
150
215
210
215
200
169
138
214
230
200
157
219
202
186
88
